<?xml version="1.0" encoding="UTF-8"?>
<testsuite xmlns:xsi="http://www.w3.org/2001/XMLSchema-instance" xsi:noNamespaceSchemaLocation="https://maven.apache.org/surefire/maven-surefire-plugin/xsd/surefire-test-report-3.0.xsd" version="3.0" name="com.SupplySync.InventoryMgtSystem.InventoryMgtSystemApplicationTests" time="14.679" tests="1" errors="0" skipped="0" failures="0">
  <properties>
[...]
</properties>
  <testcase name="contextLoads" classname="com.SupplySync.InventoryMgtSystem.InventoryMgtSystemApplicationTests" time="0.952">
    <system-out><![CDATA[Standard Commons Logging discovery in action with spring-jcl: please remove commons-logging.jar from classpath in order to avoid potential conflicts
16:21:25.756 [main] INFO org.springframework.test.context.support.AnnotationConfigContextLoaderUtils -- Could not detect default configuration classes for test class [com.SupplySync.InventoryMgtSystem.InventoryMgtSystemApplicationTests]: InventoryMgtSystemApplicationTests does not declare any static, non-private, non-final, nested classes annotated with @Configuration.
16:21:26.018 [main] INFO org.springframework.boot.test.context.SpringBootTestContextBootstrapper -- Found @SpringBootConfiguration com.SupplySync.InventoryMgtSystem.InventoryMgtSystemApplication for test class com.SupplySync.InventoryMgtSystem.InventoryMgtSystemApplicationTests

  .   ____          _            __ _ _
 /\\ / ___'_ __ _ _(_)_ __  __ _ \ \ \ \
( ( )\___ | '_ | '_| | '_ \/ _` | \ \ \ \
 \\/  ___)| |_)| | | | | || (_| |  ) ) ) )
  '  |____| .__|_| |_|_| |_\__, | / / / /
 =========|_|==============|___/=/_/_/_/

 :: Spring Boot ::                (v3.3.5)

2026-02-24T16:21:27.061+05:30  INFO 732 --- [InventoryMgtSystem] [           main] c.S.I.InventoryMgtSystemApplicationTests : Starting InventoryMgtSystemApplicationTests using Java 17.0.18 with PID 732 (started by admin in C:\Users\admin\Downloads\crazy backups\IMS-react\backend)
2026-02-24T16:21:27.064+05:30  INFO 732 --- [InventoryMgtSystem] [           main] c.S.I.InventoryMgtSystemApplicationTests : No active profile set, falling back to 1 default profile: "default"
2026-02-24T16:21:29.888+05:30  INFO 732 --- [InventoryMgtSystem] [           main] .s.d.r.c.RepositoryConfigurationDelegate : Bootstrapping Spring Data JPA repositories in DEFAULT mode.
2026-02-24T16:21:30.096+05:30  INFO 732 --- [InventoryMgtSystem] [           main] .s.d.r.c.RepositoryConfigurationDelegate : Finished Spring Data repository scanning in 186 ms. Found 5 JPA repository interfaces.
2026-02-24T16:21:31.451+05:30  INFO 732 --- [InventoryMgtSystem] [           main] o.hibernate.jpa.internal.util.LogHelper  : HHH000204: Processing PersistenceUnitInfo [name: default]
2026-02-24T16:21:31.616+05:30  INFO 732 --- [InventoryMgtSystem] [           main] org.hibernate.Version                    : HHH000412: Hibernate ORM core version 6.5.3.Final
2026-02-24T16:21:31.720+05:30  INFO 732 --- [InventoryMgtSystem] [           main] o.h.c.internal.RegionFactoryInitiator    : HHH000026: Second-level cache disabled
2026-02-24T16:21:32.533+05:30  INFO 732 --- [InventoryMgtSystem] [           main] o.s.o.j.p.SpringPersistenceUnitInfo      : No LoadTimeWeaver setup: ignoring JPA class transformer
2026-02-24T16:21:32.597+05:30  INFO 732 --- [InventoryMgtSystem] [           main] com.zaxxer.hikari.HikariDataSource       : HikariPool-1 - Starting...
2026-02-24T16:21:33.135+05:30  INFO 732 --- [InventoryMgtSystem] [           main] com.zaxxer.hikari.pool.HikariPool        : HikariPool-1 - Added connection com.mysql.cj.jdbc.ConnectionImpl@7742a276
2026-02-24T16:21:33.140+05:30  INFO 732 --- [InventoryMgtSystem] [           main] com.zaxxer.hikari.HikariDataSource       : HikariPool-1 - Start completed.
2026-02-24T16:21:33.278+05:30  WARN 732 --- [InventoryMgtSystem] [           main] org.hibernate.orm.deprecation            : HHH90000025: MySQLDialect does not need to be specified explicitly using 'hibernate.dialect' (remove the property setting and it will be selected by default)
2026-02-24T16:21:35.789+05:30  INFO 732 --- [InventoryMgtSystem] [           main] o.h.e.t.j.p.i.JtaPlatformInitiator       : HHH000489: No JTA platform available (set 'hibernate.transaction.jta.platform' to enable JTA platform integration)
2026-02-24T16:21:36.010+05:30  INFO 732 --- [InventoryMgtSystem] [           main] j.LocalContainerEntityManagerFactoryBean : Initialized JPA EntityManagerFactory for persistence unit 'default'
2026-02-24T16:21:37.340+05:30  WARN 732 --- [InventoryMgtSystem] [           main] JpaBaseConfiguration$JpaWebConfiguration : spring.jpa.open-in-view is enabled by default. Therefore, database queries may be performed during view rendering. Explicitly configure spring.jpa.open-in-view to disable this warning
2026-02-24T16:21:37.412+05:30  INFO 732 --- [InventoryMgtSystem] [           main] r$InitializeUserDetailsManagerConfigurer : Global AuthenticationManager configured with UserDetailsService bean with name customUserDetailsService
2026-02-24T16:21:38.974+05:30  INFO 732 --- [InventoryMgtSystem] [           main] c.S.I.InventoryMgtSystemApplicationTests : Started InventoryMgtSystemApplicationTests in 12.534 seconds (process running for 14.825)
]]></system-out>
  </testcase>
</testsuite>